;  LST file generated by mikroListExporter - v.2.0 
; Date/Time: 11/30/2015 3:04:36 PM
;----------------------------------------------

;Address Opcode 	ASM
0x0000	0x0206D5  	LJMP 1749
0x0003	0x020000  	LJMP 0
0x0006	0x00      	NOP
0x0007	0x00      	NOP
0x0008	0x00      	NOP
0x0009	0x00      	NOP
0x000A	0x00      	NOP
0x000B	0x020000  	LJMP 0
0x000E	0x00      	NOP
0x000F	0x00      	NOP
0x0010	0x00      	NOP
0x0011	0x00      	NOP
0x0012	0x00      	NOP
0x0013	0x020000  	LJMP 0
0x0016	0x00      	NOP
0x0017	0x00      	NOP
0x0018	0x00      	NOP
0x0019	0x00      	NOP
0x001A	0x00      	NOP
0x001B	0x020000  	LJMP 0
0x001E	0x00      	NOP
0x001F	0x00      	NOP
0x0020	0x00      	NOP
0x0021	0x00      	NOP
0x0022	0x00      	NOP
0x0023	0x020000  	LJMP 0
0x0026	0x00      	NOP
0x0027	0x00      	NOP
0x0028	0x00      	NOP
0x0029	0x00      	NOP
0x002A	0x00      	NOP
0x002B	0x020000  	LJMP 0
_Delay_5500us:
;__Lib_Delays.c,213 :: 		void Delay_5500us() {
;__Lib_Delays.c,214 :: 		Delay_us(5500);
0x002E	0x7E0A    	MOV R6, 10
0x0030	0x7FDB    	MOV R7, 219
0x0032	0xDFFE    	DJNZ R7, PC-2
0x0034	0xDEFC    	DJNZ R6, PC-4
0x0036	0x00      	NOP
;__Lib_Delays.c,215 :: 		}
0x0037	0x22      	RET
; end of _Delay_5500us
_Delay_50us:
;__Lib_Delays.c,138 :: 		void Delay_50us() {
;__Lib_Delays.c,139 :: 		Delay_us(50);
0x0038	0x7F16    	MOV R7, 22
0x003A	0xDFFE    	DJNZ R7, PC-2
0x003C	0x00      	NOP
;__Lib_Delays.c,140 :: 		}
0x003D	0x22      	RET
; end of _Delay_50us
_Delay_1us:
;__Lib_Delays.c,63 :: 		void Delay_1us() {
;__Lib_Delays.c,64 :: 		Delay_us(1);
0x003E	0x00      	NOP
;__Lib_Delays.c,65 :: 		}
0x003F	0x22      	RET
; end of _Delay_1us
_Lcd_Cmd:
;__Lib_Lcd.c,13 :: 		
;__Lib_Lcd.c,14 :: 		
0x0040	0xE521    	MOV A, FARG_Lcd_Cmd_out_char
0x0042	0x5480    	ANL A, #128
0x0044	0xF8      	MOV R0, A
0x0045	0x630080  	XRL R0, #128
0x0048	0xE8      	MOV A, R0
0x0049	0x6004    	JZ L__Lcd_Cmd24
0x004B	0x7800    	MOV R0, #0
0x004D	0x8002    	SJMP L__Lcd_Cmd25
L__Lcd_Cmd24:
0x004F	0x7801    	MOV R0, #1
L__Lcd_Cmd25:
0x0051	0xE8      	MOV A, R0
0x0052	0x13      	RRC A
0x0053	0x92A5    	MOV LCD_D7, C
;__Lib_Lcd.c,15 :: 		
0x0055	0xE521    	MOV A, FARG_Lcd_Cmd_out_char
0x0057	0x5440    	ANL A, #64
0x0059	0xF8      	MOV R0, A
0x005A	0x630040  	XRL R0, #64
0x005D	0xE8      	MOV A, R0
0x005E	0x6004    	JZ L__Lcd_Cmd26
0x0060	0x7800    	MOV R0, #0
0x0062	0x8002    	SJMP L__Lcd_Cmd27
L__Lcd_Cmd26:
0x0064	0x7801    	MOV R0, #1
L__Lcd_Cmd27:
0x0066	0xE8      	MOV A, R0
0x0067	0x13      	RRC A
0x0068	0x92A4    	MOV LCD_D6, C
;__Lib_Lcd.c,16 :: 		
0x006A	0xE521    	MOV A, FARG_Lcd_Cmd_out_char
0x006C	0x5420    	ANL A, #32
0x006E	0xF8      	MOV R0, A
0x006F	0x630020  	XRL R0, #32
0x0072	0xE8      	MOV A, R0
0x0073	0x6004    	JZ L__Lcd_Cmd28
0x0075	0x7800    	MOV R0, #0
0x0077	0x8002    	SJMP L__Lcd_Cmd29
L__Lcd_Cmd28:
0x0079	0x7801    	MOV R0, #1
L__Lcd_Cmd29:
0x007B	0xE8      	MOV A, R0
0x007C	0x13      	RRC A
0x007D	0x92A0    	MOV LCD_D5, C
;__Lib_Lcd.c,17 :: 		
0x007F	0xE521    	MOV A, FARG_Lcd_Cmd_out_char
0x0081	0x5410    	ANL A, #16
0x0083	0xF8      	MOV R0, A
0x0084	0x630010  	XRL R0, #16
0x0087	0xE8      	MOV A, R0
0x0088	0x6004    	JZ L__Lcd_Cmd30
0x008A	0x7800    	MOV R0, #0
0x008C	0x8002    	SJMP L__Lcd_Cmd31
L__Lcd_Cmd30:
0x008E	0x7801    	MOV R0, #1
L__Lcd_Cmd31:
0x0090	0xE8      	MOV A, R0
0x0091	0x13      	RRC A
0x0092	0x92A1    	MOV LCD_D4, C
;__Lib_Lcd.c,19 :: 		
0x0094	0xE50F    	MOV A, _cmd_status
0x0096	0x6004    	JZ L_Lcd_Cmd0
0x0098	0x7800    	MOV R0, #0
0x009A	0x8002    	SJMP L_Lcd_Cmd1
L_Lcd_Cmd0:
0x009C	0x7801    	MOV R0, #1
L_Lcd_Cmd1:
0x009E	0xE8      	MOV A, R0
0x009F	0x13      	RRC A
0x00A0	0x92A3    	MOV LCD_RS, C
;__Lib_Lcd.c,21 :: 		
0x00A2	0xD2A2    	SETB LCD_EN
;__Lib_Lcd.c,22 :: 		
0x00A4	0x113E    	ACALL _Delay_1us
;__Lib_Lcd.c,23 :: 		
0x00A6	0xC2A2    	CLR LCD_EN
;__Lib_Lcd.c,25 :: 		
0x00A8	0xE521    	MOV A, FARG_Lcd_Cmd_out_char
0x00AA	0x5408    	ANL A, #8
0x00AC	0xF8      	MOV R0, A
0x00AD	0x630008  	XRL R0, #8
0x00B0	0xE8      	MOV A, R0
0x00B1	0x6004    	JZ L__Lcd_Cmd32
0x00B3	0x7800    	MOV R0, #0
0x00B5	0x8002    	SJMP L__Lcd_Cmd33
L__Lcd_Cmd32:
0x00B7	0x7801    	MOV R0, #1
L__Lcd_Cmd33:
0x00B9	0xE8      	MOV A, R0
0x00BA	0x13      	RRC A
0x00BB	0x92A5    	MOV LCD_D7, C
;__Lib_Lcd.c,26 :: 		
0x00BD	0xE521    	MOV A, FARG_Lcd_Cmd_out_char
0x00BF	0x5404    	ANL A, #4
0x00C1	0xF8      	MOV R0, A
0x00C2	0x630004  	XRL R0, #4
0x00C5	0xE8      	MOV A, R0
0x00C6	0x6004    	JZ L__Lcd_Cmd34
0x00C8	0x7800    	MOV R0, #0
0x00CA	0x8002    	SJMP L__Lcd_Cmd35
L__Lcd_Cmd34:
0x00CC	0x7801    	MOV R0, #1
L__Lcd_Cmd35:
0x00CE	0xE8      	MOV A, R0
0x00CF	0x13      	RRC A
0x00D0	0x92A4    	MOV LCD_D6, C
;__Lib_Lcd.c,27 :: 		
0x00D2	0xE521    	MOV A, FARG_Lcd_Cmd_out_char
0x00D4	0x5402    	ANL A, #2
0x00D6	0xF8      	MOV R0, A
0x00D7	0x630002  	XRL R0, #2
0x00DA	0xE8      	MOV A, R0
0x00DB	0x6004    	JZ L__Lcd_Cmd36
0x00DD	0x7800    	MOV R0, #0
0x00DF	0x8002    	SJMP L__Lcd_Cmd37
L__Lcd_Cmd36:
0x00E1	0x7801    	MOV R0, #1
L__Lcd_Cmd37:
0x00E3	0xE8      	MOV A, R0
0x00E4	0x13      	RRC A
0x00E5	0x92A0    	MOV LCD_D5, C
;__Lib_Lcd.c,28 :: 		
0x00E7	0xE521    	MOV A, FARG_Lcd_Cmd_out_char
0x00E9	0x5401    	ANL A, #1
0x00EB	0xF8      	MOV R0, A
0x00EC	0x630001  	XRL R0, #1
0x00EF	0xE8      	MOV A, R0
0x00F0	0x6004    	JZ L__Lcd_Cmd38
0x00F2	0x7800    	MOV R0, #0
0x00F4	0x8002    	SJMP L__Lcd_Cmd39
L__Lcd_Cmd38:
0x00F6	0x7801    	MOV R0, #1
L__Lcd_Cmd39:
0x00F8	0xE8      	MOV A, R0
0x00F9	0x13      	RRC A
0x00FA	0x92A1    	MOV LCD_D4, C
;__Lib_Lcd.c,30 :: 		
0x00FC	0xE50F    	MOV A, _cmd_status
0x00FE	0x6004    	JZ L_Lcd_Cmd2
0x0100	0x7800    	MOV R0, #0
0x0102	0x8002    	SJMP L_Lcd_Cmd3
L_Lcd_Cmd2:
0x0104	0x7801    	MOV R0, #1
L_Lcd_Cmd3:
0x0106	0xE8      	MOV A, R0
0x0107	0x13      	RRC A
0x0108	0x92A3    	MOV LCD_RS, C
;__Lib_Lcd.c,32 :: 		
0x010A	0xD2A2    	SETB LCD_EN
;__Lib_Lcd.c,33 :: 		
0x010C	0x113E    	ACALL _Delay_1us
;__Lib_Lcd.c,34 :: 		
0x010E	0xC2A2    	CLR LCD_EN
;__Lib_Lcd.c,36 :: 		
0x0110	0xE50F    	MOV A, _cmd_status
0x0112	0x6004    	JZ L_Lcd_Cmd4
;__Lib_Lcd.c,37 :: 		
0x0114	0x112E    	ACALL _Delay_5500us
0x0116	0x8002    	SJMP L_Lcd_Cmd5
L_Lcd_Cmd4:
;__Lib_Lcd.c,39 :: 		
0x0118	0x1138    	ACALL _Delay_50us
L_Lcd_Cmd5:
;__Lib_Lcd.c,40 :: 		
0x011A	0x22      	RET
; end of _Lcd_Cmd
_Lcd_Chr_CP:
;__Lib_Lcd.c,42 :: 		
;__Lib_Lcd.c,44 :: 		
0x011B	0x750F00  	MOV _cmd_status, #0
;__Lib_Lcd.c,45 :: 		
0x011E	0x852021  	MOV FARG_Lcd_Cmd_out_char, FARG_Lcd_Chr_CP_out_char+0
0x0121	0x1140    	ACALL _Lcd_Cmd
;__Lib_Lcd.c,46 :: 		
0x0123	0x750F01  	MOV _cmd_status, #1
;__Lib_Lcd.c,47 :: 		
0x0126	0x22      	RET
; end of _Lcd_Chr_CP
_Div_16x16_U:
;__Lib_Math.c,273 :: 		
;__Lib_Math.c,275 :: 		
0x0127	0xBD000B  	CJNE R5, 0, __op2hi_not_zero
;__Lib_Math.c,276 :: 		
0x012A	0xB90029  	CJNE R1, 0, __op1hi_not_zero
;__Lib_Math.c,277 :: 		
0x012D	0xE8      	MOV A, R0
;__Lib_Math.c,278 :: 		
0x012E	0x8CF0    	MOV B, R4
;__Lib_Math.c,279 :: 		
0x0130	0x84      	DIV AB
;__Lib_Math.c,280 :: 		
0x0131	0xF8      	MOV R0, A
;__Lib_Math.c,281 :: 		
0x0132	0xACF0    	MOV R4, B
;__Lib_Math.c,282 :: 		
0x0134	0x22      	RET
;__Lib_Math.c,284 :: 		
__op2hi_not_zero:
;__Lib_Math.c,285 :: 		
0x0135	0xE4      	CLR A
;__Lib_Math.c,286 :: 		
0x0136	0xCD      	XCH A, R5
;__Lib_Math.c,287 :: 		
0x0137	0xFF      	MOV R7, A
;__Lib_Math.c,288 :: 		
0x0138	0x75F008  	MOV B, 8
;__Lib_Math.c,290 :: 		
__Div_16x16_U_Loop1:
;__Lib_Math.c,291 :: 		
0x013B	0xE8      	MOV A, R0
;__Lib_Math.c,292 :: 		
0x013C	0x28      	ADD A, R0
;__Lib_Math.c,293 :: 		
0x013D	0xF8      	MOV R0, A
;__Lib_Math.c,294 :: 		
0x013E	0xE9      	MOV A, R1
;__Lib_Math.c,295 :: 		
0x013F	0x33      	RLC A
;__Lib_Math.c,296 :: 		
0x0140	0xF9      	MOV R1, A
;__Lib_Math.c,297 :: 		
0x0141	0xED      	MOV A, R5
;__Lib_Math.c,298 :: 		
0x0142	0x33      	RLC A
;__Lib_Math.c,299 :: 		
0x0143	0xFD      	MOV R5, A
;__Lib_Math.c,300 :: 		
0x0144	0xE9      	MOV A, R1
;__Lib_Math.c,301 :: 		
0x0145	0x9C      	SUBB A, R4
;__Lib_Math.c,302 :: 		
0x0146	0xED      	MOV A, R5
;__Lib_Math.c,303 :: 		
0x0147	0x9F      	SUBB A, R7
;__Lib_Math.c,304 :: 		
0x0148	0x4005    	JC __Div_16x16_U_Lab1
;__Lib_Math.c,305 :: 		
0x014A	0xFD      	MOV R5, A
;__Lib_Math.c,306 :: 		
0x014B	0xE9      	MOV A, R1
;__Lib_Math.c,307 :: 		
0x014C	0x9C      	SUBB A, R4
;__Lib_Math.c,308 :: 		
0x014D	0xF9      	MOV R1, A
;__Lib_Math.c,309 :: 		
0x014E	0x08      	INC R0
;__Lib_Math.c,311 :: 		
__Div_16x16_U_Lab1:
;__Lib_Math.c,312 :: 		
0x014F	0xD5F0E9  	DJNZ B, __Div_16x16_U_Loop1
;__Lib_Math.c,313 :: 		
0x0152	0xE4      	CLR A
;__Lib_Math.c,314 :: 		
0x0153	0xC9      	XCH A, R1
;__Lib_Math.c,315 :: 		
0x0154	0xFC      	MOV R4, A
;__Lib_Math.c,316 :: 		
0x0155	0x22      	RET
;__Lib_Math.c,318 :: 		
__op1hi_not_zero:
;__Lib_Math.c,319 :: 		
0x0156	0xEC      	MOV A, R4
;__Lib_Math.c,320 :: 		
0x0157	0xFF      	MOV R7, A
;__Lib_Math.c,321 :: 		
0x0158	0xF5F0    	MOV B, A
;__Lib_Math.c,322 :: 		
0x015A	0xE9      	MOV A, R1
;__Lib_Math.c,323 :: 		
0x015B	0x84      	DIV AB
;__Lib_Math.c,324 :: 		
0x015C	0x20D21C  	JB OV_bit, __Div_16x16_U_div_ret
;__Lib_Math.c,325 :: 		
0x015F	0xF9      	MOV R1, A
;__Lib_Math.c,326 :: 		
0x0160	0xACF0    	MOV R4, B
;__Lib_Math.c,327 :: 		
0x0162	0x75F008  	MOV B, 8
;__Lib_Math.c,329 :: 		
__Div_16x16_U_Loop2:
;__Lib_Math.c,330 :: 		
0x0165	0xE8      	MOV A, R0
;__Lib_Math.c,331 :: 		
0x0166	0x28      	ADD A, R0
;__Lib_Math.c,332 :: 		
0x0167	0xF8      	MOV R0, A
;__Lib_Math.c,333 :: 		
0x0168	0xEC      	MOV A, R4
;__Lib_Math.c,334 :: 		
0x0169	0x33      	RLC A
;__Lib_Math.c,335 :: 		
0x016A	0xFC      	MOV R4, A
;__Lib_Math.c,336 :: 		
0x016B	0x4007    	JC __Div_16x16_U_Lab2
;__Lib_Math.c,337 :: 		
0x016D	0x9F      	SUBB A, R7
;__Lib_Math.c,338 :: 		
0x016E	0x5006    	JNC __Div_16x16_U_Lab3
;__Lib_Math.c,339 :: 		
0x0170	0xD5F0F2  	DJNZ B, __Div_16x16_U_Loop2
;__Lib_Math.c,340 :: 		
0x0173	0x22      	RET
;__Lib_Math.c,342 :: 		
__Div_16x16_U_Lab2:
;__Lib_Math.c,343 :: 		
0x0174	0xC3      	CLR C
;__Lib_Math.c,344 :: 		
0x0175	0x9F      	SUBB A, R7
;__Lib_Math.c,345 :: 		
__Div_16x16_U_Lab3:
;__Lib_Math.c,346 :: 		
0x0176	0xFC      	MOV R4, A
;__Lib_Math.c,347 :: 		
0x0177	0x08      	INC R0
;__Lib_Math.c,348 :: 		
0x0178	0xD5F0EA  	DJNZ B, __Div_16x16_U_Loop2
;__Lib_Math.c,350 :: 		
__Div_16x16_U_div_ret:
;__Lib_Math.c,352 :: 		
0x017B	0x22      	RET
; end of _Div_16x16_U
_Div_16x16_S:
;__Lib_Math.c,371 :: 		
;__Lib_Math.c,373 :: 		
0x017C	0xC2D5    	CLR F0_bit
;__Lib_Math.c,374 :: 		
0x017E	0xED      	MOV A, R5
;__Lib_Math.c,375 :: 		
0x017F	0x30E709  	JNB 231, __Div_16x16_S_op2hipositive
;__Lib_Math.c,376 :: 		
0x0182	0xB2D5    	CPL F0_bit
;__Lib_Math.c,377 :: 		
0x0184	0xE4      	CLR A
;__Lib_Math.c,378 :: 		
0x0185	0xC3      	CLR C
;__Lib_Math.c,379 :: 		
0x0186	0x9C      	SUBB A, R4
;__Lib_Math.c,380 :: 		
0x0187	0xFC      	MOV R4, A
;__Lib_Math.c,381 :: 		
0x0188	0xE4      	CLR A
;__Lib_Math.c,382 :: 		
0x0189	0x9D      	SUBB A, R5
;__Lib_Math.c,383 :: 		
0x018A	0xFD      	MOV R5, A
;__Lib_Math.c,385 :: 		
__Div_16x16_S_op2hipositive:
;__Lib_Math.c,386 :: 		
0x018B	0xE9      	MOV A, R1
;__Lib_Math.c,387 :: 		
0x018C	0x30E715  	JNB 231, __Div_16x16_S_op1hipositive
;__Lib_Math.c,388 :: 		
0x018F	0xB2D5    	CPL F0_bit
;__Lib_Math.c,389 :: 		
0x0191	0xE4      	CLR A
;__Lib_Math.c,390 :: 		
0x0192	0xC3      	CLR C
;__Lib_Math.c,391 :: 		
0x0193	0x98      	SUBB A, R0
;__Lib_Math.c,392 :: 		
0x0194	0xF8      	MOV R0, A
;__Lib_Math.c,393 :: 		
0x0195	0xE4      	CLR A
;__Lib_Math.c,394 :: 		
0x0196	0x99      	SUBB A, R1
;__Lib_Math.c,395 :: 		
0x0197	0xF9      	MOV R1, A
;__Lib_Math.c,396 :: 		
0x0198	0x120127  	LCALL _Div_16x16_U
;__Lib_Math.c,397 :: 		
0x019B	0xC3      	CLR C
;__Lib_Math.c,398 :: 		
0x019C	0xE4      	CLR A
;__Lib_Math.c,399 :: 		
0x019D	0x9C      	SUBB A, R4
;__Lib_Math.c,400 :: 		
0x019E	0xFC      	MOV R4, A
;__Lib_Math.c,401 :: 		
0x019F	0xE4      	CLR A
;__Lib_Math.c,402 :: 		
0x01A0	0x9D      	SUBB A, R5
;__Lib_Math.c,403 :: 		
0x01A1	0xFD      	MOV R5, A
;__Lib_Math.c,404 :: 		
0x01A2	0x8003    	SJMP __Div_16x16_S_Skip_Udiv
;__Lib_Math.c,406 :: 		
__Div_16x16_S_op1hipositive:
;__Lib_Math.c,407 :: 		
0x01A4	0x120127  	LCALL _Div_16x16_U
;__Lib_Math.c,409 :: 		
__Div_16x16_S_Skip_Udiv:
;__Lib_Math.c,410 :: 		
0x01A7	0x30D507  	JNB F0_bit, __Div_16x16_S_div_ret
;__Lib_Math.c,411 :: 		
0x01AA	0xC3      	CLR C
;__Lib_Math.c,412 :: 		
0x01AB	0xE4      	CLR A
;__Lib_Math.c,413 :: 		
0x01AC	0x98      	SUBB A, R0
;__Lib_Math.c,414 :: 		
0x01AD	0xF8      	MOV R0, A
;__Lib_Math.c,415 :: 		
0x01AE	0xE4      	CLR A
;__Lib_Math.c,416 :: 		
0x01AF	0x99      	SUBB A, R1
;__Lib_Math.c,417 :: 		
0x01B0	0xF9      	MOV R1, A
;__Lib_Math.c,419 :: 		
__Div_16x16_S_div_ret:
;__Lib_Math.c,421 :: 		
0x01B1	0x22      	RET
; end of _Div_16x16_S
_LCD_Out:
;__Lib_Lcd.c,176 :: 		
;__Lib_Lcd.c,179 :: 		
0x01B2	0x8019    	SJMP L_LCD_Out15
;__Lib_Lcd.c,180 :: 		
L_LCD_Out17:
0x01B4	0x751C80  	MOV FARG_LCD_Out_row, #128
0x01B7	0x802E    	SJMP L_LCD_Out16
;__Lib_Lcd.c,181 :: 		
L_LCD_Out18:
0x01B9	0x751CC0  	MOV FARG_LCD_Out_row, #192
0x01BC	0x8029    	SJMP L_LCD_Out16
;__Lib_Lcd.c,182 :: 		
L_LCD_Out19:
0x01BE	0x751C94  	MOV FARG_LCD_Out_row, #148
0x01C1	0x8024    	SJMP L_LCD_Out16
;__Lib_Lcd.c,183 :: 		
L_LCD_Out20:
0x01C3	0x751CD4  	MOV FARG_LCD_Out_row, #212
0x01C6	0x801F    	SJMP L_LCD_Out16
;__Lib_Lcd.c,184 :: 		
L_LCD_Out21:
0x01C8	0x751C80  	MOV FARG_LCD_Out_row, #128
;__Lib_Lcd.c,185 :: 		
0x01CB	0x801A    	SJMP L_LCD_Out16
L_LCD_Out15:
0x01CD	0xE51C    	MOV A, FARG_LCD_Out_row
0x01CF	0x6401    	XRL A, #1
0x01D1	0x60E1    	JZ L_LCD_Out17
0x01D3	0xE51C    	MOV A, FARG_LCD_Out_row
0x01D5	0x6402    	XRL A, #2
0x01D7	0x60E0    	JZ L_LCD_Out18
0x01D9	0xE51C    	MOV A, FARG_LCD_Out_row
0x01DB	0x6403    	XRL A, #3
0x01DD	0x60DF    	JZ L_LCD_Out19
0x01DF	0xE51C    	MOV A, FARG_LCD_Out_row
0x01E1	0x6404    	XRL A, #4
0x01E3	0x60DE    	JZ L_LCD_Out20
0x01E5	0x80E1    	SJMP L_LCD_Out21
L_LCD_Out16:
;__Lib_Lcd.c,186 :: 		
0x01E7	0xC3      	CLR C
0x01E8	0xE51D    	MOV A, FARG_LCD_Out_column
0x01EA	0x9401    	SUBB A, #1
0x01EC	0xF8      	MOV R0, A
0x01ED	0xE51C    	MOV A, FARG_LCD_Out_row
0x01EF	0x28      	ADD A, R0
0x01F0	0xF8      	MOV R0, A
0x01F1	0x85001C  	MOV FARG_LCD_Out_row, 0
;__Lib_Lcd.c,188 :: 		
0x01F4	0x850021  	MOV FARG_Lcd_Cmd_out_char, 0
0x01F7	0x1140    	ACALL _Lcd_Cmd
;__Lib_Lcd.c,189 :: 		
0x01F9	0x750F00  	MOV _cmd_status, #0
;__Lib_Lcd.c,190 :: 		
0x01FC	0x751F00  	MOV LCD_Out_i_L0, #0
;__Lib_Lcd.c,191 :: 		
L_LCD_Out22:
0x01FF	0xE51E    	MOV A, FARG_LCD_Out_text
0x0201	0x251F    	ADD A, LCD_Out_i_L0
0x0203	0xF8      	MOV R0, A
0x0204	0xE6      	MOV A, @R0
0x0205	0x600D    	JZ L_LCD_Out23
;__Lib_Lcd.c,192 :: 		
0x0207	0xE51E    	MOV A, FARG_LCD_Out_text
0x0209	0x251F    	ADD A, LCD_Out_i_L0
0x020B	0xF8      	MOV R0, A
0x020C	0x8620    	MOV FARG_Lcd_Chr_CP_out_char, @R0
0x020E	0x311B    	ACALL _Lcd_Chr_CP
0x0210	0x051F    	INC LCD_Out_i_L0
0x0212	0x80EB    	SJMP L_LCD_Out22
L_LCD_Out23:
;__Lib_Lcd.c,193 :: 		
0x0214	0x750F01  	MOV _cmd_status, #1
;__Lib_Lcd.c,194 :: 		
0x0217	0x22      	RET
; end of _LCD_Out
_stopmotor:
;blink.c,164 :: 		void stopmotor(void)
;blink.c,166 :: 		motor11=0; motor12=0;
0x0218	0xC2A7    	CLR P2_7_bit
0x021A	0xC2A6    	CLR P2_6_bit
;blink.c,167 :: 		}
0x021C	0x22      	RET
; end of _stopmotor
_Mul_16x16:
;__Lib_Math.c,112 :: 		
;__Lib_Math.c,114 :: 		
0x021D	0xE8      	MOV A, R0
;__Lib_Math.c,115 :: 		
0x021E	0x8CF0    	MOV B, R4
;__Lib_Math.c,116 :: 		
0x0220	0xA4      	MUL AB
;__Lib_Math.c,117 :: 		
0x0221	0xAFF0    	MOV R7, B
;__Lib_Math.c,118 :: 		
0x0223	0xC8      	XCH A, R0
;__Lib_Math.c,119 :: 		
0x0224	0x8DF0    	MOV B, R5
;__Lib_Math.c,120 :: 		
0x0226	0xA4      	MUL AB
;__Lib_Math.c,121 :: 		
0x0227	0x2F      	ADD A, R7
;__Lib_Math.c,122 :: 		
0x0228	0xC9      	XCH A, R1
;__Lib_Math.c,123 :: 		
0x0229	0x8CF0    	MOV B, R4
;__Lib_Math.c,124 :: 		
0x022B	0xA4      	MUL AB
;__Lib_Math.c,125 :: 		
0x022C	0x29      	ADD A, R1
;__Lib_Math.c,126 :: 		
0x022D	0xF9      	MOV R1, A
;__Lib_Math.c,128 :: 		
0x022E	0x22      	RET
; end of _Mul_16x16
_forwardmotor:
;blink.c,156 :: 		void forwardmotor(void)
;blink.c,158 :: 		motor11=1; motor12=0;    Delay_ms(500);
0x022F	0xD2A7    	SETB P2_7_bit
0x0231	0xC2A6    	CLR P2_6_bit
0x0233	0x7D04    	MOV R5, 4
0x0235	0x7E81    	MOV R6, 129
0x0237	0x7F79    	MOV R7, 121
0x0239	0xDFFE    	DJNZ R7, PC-2
0x023B	0xDEFC    	DJNZ R6, PC-4
0x023D	0xDDFA    	DJNZ R5, PC-6
0x023F	0x00      	NOP
;blink.c,159 :: 		stopmotor(); Delay_ms(3000);
0x0240	0x5118    	ACALL _stopmotor
0x0242	0x7D16    	MOV R5, 22
0x0244	0x7E03    	MOV R6, 3
0x0246	0x7FE5    	MOV R7, 229
0x0248	0xDFFE    	DJNZ R7, PC-2
0x024A	0xDEFC    	DJNZ R6, PC-4
0x024C	0xDDFA    	DJNZ R5, PC-6
0x024E	0x00      	NOP
;blink.c,160 :: 		motor11=0; motor12=1;    Delay_ms(500);   stopmotor();
0x024F	0xC2A7    	CLR P2_7_bit
0x0251	0xD2A6    	SETB P2_6_bit
0x0253	0x7D04    	MOV R5, 4
0x0255	0x7E81    	MOV R6, 129
0x0257	0x7F79    	MOV R7, 121
0x0259	0xDFFE    	DJNZ R7, PC-2
0x025B	0xDEFC    	DJNZ R6, PC-4
0x025D	0xDDFA    	DJNZ R5, PC-6
0x025F	0x00      	NOP
0x0260	0x5118    	ACALL _stopmotor
;blink.c,161 :: 		}
0x0262	0x22      	RET
; end of _forwardmotor
_Lcd_Chr:
;__Lib_Lcd.c,57 :: 		
;__Lib_Lcd.c,58 :: 		
0x0263	0x8019    	SJMP L_Lcd_Chr8
;__Lib_Lcd.c,59 :: 		
L_Lcd_Chr10:
0x0265	0x751980  	MOV FARG_Lcd_Chr_row, #128
0x0268	0x802E    	SJMP L_Lcd_Chr9
;__Lib_Lcd.c,60 :: 		
L_Lcd_Chr11:
0x026A	0x7519C0  	MOV FARG_Lcd_Chr_row, #192
0x026D	0x8029    	SJMP L_Lcd_Chr9
;__Lib_Lcd.c,61 :: 		
L_Lcd_Chr12:
0x026F	0x751994  	MOV FARG_Lcd_Chr_row, #148
0x0272	0x8024    	SJMP L_Lcd_Chr9
;__Lib_Lcd.c,62 :: 		
L_Lcd_Chr13:
0x0274	0x7519D4  	MOV FARG_Lcd_Chr_row, #212
0x0277	0x801F    	SJMP L_Lcd_Chr9
;__Lib_Lcd.c,63 :: 		
L_Lcd_Chr14:
0x0279	0x751980  	MOV FARG_Lcd_Chr_row, #128
;__Lib_Lcd.c,64 :: 		
0x027C	0x801A    	SJMP L_Lcd_Chr9
L_Lcd_Chr8:
0x027E	0xE519    	MOV A, FARG_Lcd_Chr_row
0x0280	0x6401    	XRL A, #1
0x0282	0x60E1    	JZ L_Lcd_Chr10
0x0284	0xE519    	MOV A, FARG_Lcd_Chr_row
0x0286	0x6402    	XRL A, #2
0x0288	0x60E0    	JZ L_Lcd_Chr11
0x028A	0xE519    	MOV A, FARG_Lcd_Chr_row
0x028C	0x6403    	XRL A, #3
0x028E	0x60DF    	JZ L_Lcd_Chr12
0x0290	0xE519    	MOV A, FARG_Lcd_Chr_row
0x0292	0x6404    	XRL A, #4
0x0294	0x60DE    	JZ L_Lcd_Chr13
0x0296	0x80E1    	SJMP L_Lcd_Chr14
L_Lcd_Chr9:
;__Lib_Lcd.c,66 :: 		
0x0298	0xC3      	CLR C
0x0299	0xE51A    	MOV A, FARG_Lcd_Chr_column
0x029B	0x9401    	SUBB A, #1
0x029D	0xF8      	MOV R0, A
0x029E	0xE519    	MOV A, FARG_Lcd_Chr_row
0x02A0	0x28      	ADD A, R0
0x02A1	0xF8      	MOV R0, A
0x02A2	0x850019  	MOV FARG_Lcd_Chr_row, 0
;__Lib_Lcd.c,68 :: 		
0x02A5	0x750F01  	MOV _cmd_status, #1
;__Lib_Lcd.c,69 :: 		
0x02A8	0x850021  	MOV FARG_Lcd_Cmd_out_char, 0
0x02AB	0x1140    	ACALL _Lcd_Cmd
;__Lib_Lcd.c,71 :: 		
0x02AD	0x750F00  	MOV _cmd_status, #0
;__Lib_Lcd.c,72 :: 		
0x02B0	0x851B21  	MOV FARG_Lcd_Cmd_out_char, FARG_Lcd_Chr_out_char+0
0x02B3	0x1140    	ACALL _Lcd_Cmd
;__Lib_Lcd.c,73 :: 		
0x02B5	0x750F01  	MOV _cmd_status, #1
;__Lib_Lcd.c,74 :: 		
0x02B8	0x22      	RET
; end of _Lcd_Chr
_UART1_Read:
;__Lib_UART_Timer1.c,39 :: 		
;__Lib_UART_Timer1.c,40 :: 		
0x02B9	0xC298    	CLR SCON.B0
;__Lib_UART_Timer1.c,41 :: 		
0x02BB	0xA899    	MOV R0, SBUF
;__Lib_UART_Timer1.c,42 :: 		
0x02BD	0x22      	RET
; end of _UART1_Read
_nobalance:
;blink.c,149 :: 		void nobalance(void)
;blink.c,151 :: 		Lcd_Cmd(_LCD_CLEAR);  Lcd_Out(1,1,"less balance");
0x02BE	0x752101  	MOV FARG_Lcd_Cmd_out_char, #1
0x02C1	0x1140    	ACALL _Lcd_Cmd
0x02C3	0x751C01  	MOV FARG_LCD_Out_row, #1
0x02C6	0x751D01  	MOV FARG_LCD_Out_column, #1
0x02C9	0x751E39  	MOV FARG_LCD_Out_text, lo_addr(?lstr3_blink)
0x02CC	0x31B2    	ACALL _LCD_Out
;blink.c,152 :: 		Lcd_Out(2,1,"please recharge");Delay_ms(500);
0x02CE	0x751C02  	MOV FARG_LCD_Out_row, #2
0x02D1	0x751D01  	MOV FARG_LCD_Out_column, #1
0x02D4	0x751E46  	MOV FARG_LCD_Out_text, lo_addr(?lstr4_blink)
0x02D7	0x31B2    	ACALL _LCD_Out
0x02D9	0x7D04    	MOV R5, 4
0x02DB	0x7E81    	MOV R6, 129
0x02DD	0x7F79    	MOV R7, 121
0x02DF	0xDFFE    	DJNZ R7, PC-2
0x02E1	0xDEFC    	DJNZ R6, PC-4
0x02E3	0xDDFA    	DJNZ R5, PC-6
0x02E5	0x00      	NOP
;blink.c,153 :: 		Lcd_Cmd(_LCD_CLEAR);   Lcd_Out(1,1,"ENTER AMOUNT");
0x02E6	0x752101  	MOV FARG_Lcd_Cmd_out_char, #1
0x02E9	0x1140    	ACALL _Lcd_Cmd
0x02EB	0x751C01  	MOV FARG_LCD_Out_row, #1
0x02EE	0x751D01  	MOV FARG_LCD_Out_column, #1
0x02F1	0x751E56  	MOV FARG_LCD_Out_text, lo_addr(?lstr5_blink)
0x02F4	0x31B2    	ACALL _LCD_Out
;blink.c,154 :: 		}
0x02F6	0x22      	RET
; end of _nobalance
_balance:
;blink.c,138 :: 		void balance(void)
;blink.c,140 :: 		Lcd_Cmd(_LCD_CLEAR);      Lcd_Out(1,1,"THANK YOU USER");
0x02F7	0x752101  	MOV FARG_Lcd_Cmd_out_char, #1
0x02FA	0x1140    	ACALL _Lcd_Cmd
0x02FC	0x751C01  	MOV FARG_LCD_Out_row, #1
0x02FF	0x751D01  	MOV FARG_LCD_Out_column, #1
0x0302	0x751E6C  	MOV FARG_LCD_Out_text, lo_addr(?lstr1_blink)
0x0305	0x31B2    	ACALL _LCD_Out
;blink.c,141 :: 		Lcd_Out(2,1,"BAL ");
0x0307	0x751C02  	MOV FARG_LCD_Out_row, #2
0x030A	0x751D01  	MOV FARG_LCD_Out_column, #1
0x030D	0x751E67  	MOV FARG_LCD_Out_text, lo_addr(?lstr2_blink)
0x0310	0x31B2    	ACALL _LCD_Out
;blink.c,142 :: 		Lcd_Chr_cp((amounttodisplay/100)+0x30);
0x0312	0x7C64    	MOV R4, #100
0x0314	0x7D00    	MOV R5, #0
0x0316	0xA808    	MOV R0, _amounttodisplay
0x0318	0xA909    	MOV R1, _amounttodisplay+1
0x031A	0x317C    	ACALL _Div_16x16_S
0x031C	0x7430    	MOV A, #48
0x031E	0x28      	ADD A, R0
0x031F	0xF520    	MOV FARG_Lcd_Chr_CP_out_char, A
0x0321	0x311B    	ACALL _Lcd_Chr_CP
;blink.c,143 :: 		Lcd_Chr_cp(((amounttodisplay/10)%10)+0x30);
0x0323	0x7C0A    	MOV R4, #10
0x0325	0x7D00    	MOV R5, #0
0x0327	0xA808    	MOV R0, _amounttodisplay
0x0329	0xA909    	MOV R1, _amounttodisplay+1
0x032B	0x317C    	ACALL _Div_16x16_S
0x032D	0x7C0A    	MOV R4, #10
0x032F	0x7D00    	MOV R5, #0
0x0331	0x317C    	ACALL _Div_16x16_S
0x0333	0xA804    	MOV R0, R4
0x0335	0xA905    	MOV R1, R5
0x0337	0x7430    	MOV A, #48
0x0339	0x28      	ADD A, R0
0x033A	0xF520    	MOV FARG_Lcd_Chr_CP_out_char, A
0x033C	0x311B    	ACALL _Lcd_Chr_CP
;blink.c,144 :: 		Lcd_Chr_cp((amounttodisplay%10)+0x30);
0x033E	0x7C0A    	MOV R4, #10
0x0340	0x7D00    	MOV R5, #0
0x0342	0xA808    	MOV R0, _amounttodisplay
0x0344	0xA909    	MOV R1, _amounttodisplay+1
0x0346	0x317C    	ACALL _Div_16x16_S
0x0348	0xA804    	MOV R0, R4
0x034A	0xA905    	MOV R1, R5
0x034C	0x7430    	MOV A, #48
0x034E	0x28      	ADD A, R0
0x034F	0xF520    	MOV FARG_Lcd_Chr_CP_out_char, A
0x0351	0x311B    	ACALL _Lcd_Chr_CP
;blink.c,148 :: 		}
0x0353	0x22      	RET
; end of _balance
_UART1_Data_Ready:
;__Lib_UART_Timer1.c,35 :: 		
;__Lib_UART_Timer1.c,36 :: 		
0x0354	0xA298    	MOV C, SCON.B0
0x0356	0xE4      	CLR A
0x0357	0x33      	RLC A
0x0358	0xF8      	MOV R0, A
;__Lib_UART_Timer1.c,37 :: 		
0x0359	0x22      	RET
; end of _UART1_Data_Ready
_keycheck:
;blink.c,168 :: 		void keycheck(void)
;blink.c,170 :: 		key=12;
0x035A	0x75650C  	MOV _key, #12
0x035D	0x756600  	MOV _key+1, #0
;blink.c,171 :: 		do
L_keycheck21:
;blink.c,173 :: 		C1=0;C2=1;C3=1;
0x0360	0xC294    	CLR P1.B4
0x0362	0xD295    	SETB P1.B5
0x0364	0xD296    	SETB P1.B6
;blink.c,174 :: 		if(R1==0) {key=1;}
0x0366	0x209006  	JB P1.B0, L_keycheck24
0x0369	0x756501  	MOV _key, #1
0x036C	0x756600  	MOV _key+1, #0
L_keycheck24:
;blink.c,175 :: 		if(R2==0) {key=4;}
0x036F	0x209106  	JB P1.B1, L_keycheck25
0x0372	0x756504  	MOV _key, #4
0x0375	0x756600  	MOV _key+1, #0
L_keycheck25:
;blink.c,176 :: 		if(R3==0) {key=7;}
0x0378	0x209206  	JB P1.B2, L_keycheck26
0x037B	0x756507  	MOV _key, #7
0x037E	0x756600  	MOV _key+1, #0
L_keycheck26:
;blink.c,178 :: 		C1=1;C2=0;C3=1;
0x0381	0xD294    	SETB P1.B4
0x0383	0xC295    	CLR P1.B5
0x0385	0xD296    	SETB P1.B6
;blink.c,179 :: 		if(R1==0) {key=2;}
0x0387	0x209006  	JB P1.B0, L_keycheck27
0x038A	0x756502  	MOV _key, #2
0x038D	0x756600  	MOV _key+1, #0
L_keycheck27:
;blink.c,180 :: 		if(R2==0) {key=5;}
0x0390	0x209106  	JB P1.B1, L_keycheck28
0x0393	0x756505  	MOV _key, #5
0x0396	0x756600  	MOV _key+1, #0
L_keycheck28:
;blink.c,181 :: 		if(R3==0) {key=8;}
0x0399	0x209206  	JB P1.B2, L_keycheck29
0x039C	0x756508  	MOV _key, #8
0x039F	0x756600  	MOV _key+1, #0
L_keycheck29:
;blink.c,182 :: 		if(R4==0) {key=0;}
0x03A2	0x209306  	JB P1.B3, L_keycheck30
0x03A5	0x756500  	MOV _key, #0
0x03A8	0x756600  	MOV _key+1, #0
L_keycheck30:
;blink.c,183 :: 		C1=1;C2=1;C3=0;
0x03AB	0xD294    	SETB P1.B4
0x03AD	0xD295    	SETB P1.B5
0x03AF	0xC296    	CLR P1.B6
;blink.c,184 :: 		if(R1==0) {key=3;}
0x03B1	0x209006  	JB P1.B0, L_keycheck31
0x03B4	0x756503  	MOV _key, #3
0x03B7	0x756600  	MOV _key+1, #0
L_keycheck31:
;blink.c,185 :: 		if(R2==0) {key=6;}
0x03BA	0x209106  	JB P1.B1, L_keycheck32
0x03BD	0x756506  	MOV _key, #6
0x03C0	0x756600  	MOV _key+1, #0
L_keycheck32:
;blink.c,186 :: 		if(R3==0) {key=9;}
0x03C3	0x209206  	JB P1.B2, L_keycheck33
0x03C6	0x756509  	MOV _key, #9
0x03C9	0x756600  	MOV _key+1, #0
L_keycheck33:
;blink.c,188 :: 		}while(key==12);
0x03CC	0x740C    	MOV A, #12
0x03CE	0x6565    	XRL A, _key
0x03D0	0x7004    	JNZ L__keycheck34
0x03D2	0x7400    	MOV A, #0
0x03D4	0x6566    	XRL A, _key+1
L__keycheck34:
0x03D6	0x7002    	JNZ #2
0x03D8	0x6160    	AJMP L_keycheck21
;blink.c,189 :: 		delay_ms(300);
0x03DA	0x7D03    	MOV R5, 3
0x03DC	0x7E1A    	MOV R6, 26
0x03DE	0x7FE1    	MOV R7, 225
0x03E0	0xDFFE    	DJNZ R7, PC-2
0x03E2	0xDEFC    	DJNZ R6, PC-4
0x03E4	0xDDFA    	DJNZ R5, PC-6
0x03E6	0x00      	NOP
;blink.c,190 :: 		}
0x03E7	0x22      	RET
; end of _keycheck
_card1:
;blink.c,68 :: 		void card1(void)//card no.1000699A58BB(PRINTED NO.10539512)
;blink.c,70 :: 		if(cardletter=='6')
0x03E8	0xE50C    	MOV A, _cardletter
0x03EA	0x6436    	XRL A, #54
0x03EC	0x6002    	JZ #2
0x03EE	0x8187    	AJMP L_card13
;blink.c,72 :: 		while(!(UART1_Data_Ready()));
L_card14:
0x03F0	0x7154    	ACALL _UART1_Data_Ready
0x03F2	0xE8      	MOV A, R0
0x03F3	0x7002    	JNZ L_card15
0x03F5	0x80F9    	SJMP L_card14
L_card15:
;blink.c,73 :: 		cardletter = UART1_Read();
0x03F7	0x51B9    	ACALL _UART1_Read
0x03F9	0x85000C  	MOV _cardletter, 0
;blink.c,74 :: 		if(cardletter=='C')
0x03FC	0xE8      	MOV A, R0
0x03FD	0x6443    	XRL A, #67
0x03FF	0x6002    	JZ #2
0x0401	0x8187    	AJMP L_card16
;blink.c,77 :: 		if(user1amt>49) {user1amt= user1amt-50;
0x0403	0xD3      	SETB C
0x0404	0xE563    	MOV A, _user1amt
0x0406	0x9431    	SUBB A, #49
0x0408	0x7400    	MOV A, #0
0x040A	0x6480    	XRL A, #128
0x040C	0xF8      	MOV R0, A
0x040D	0xE564    	MOV A, _user1amt+1
0x040F	0x6480    	XRL A, #128
0x0411	0x98      	SUBB A, R0
0x0412	0x401D    	JC L_card17
0x0414	0xC3      	CLR C
0x0415	0xE563    	MOV A, _user1amt
0x0417	0x9432    	SUBB A, #50
0x0419	0xF8      	MOV R0, A
0x041A	0xE564    	MOV A, _user1amt+1
0x041C	0x9400    	SUBB A, #0
0x041E	0xF9      	MOV R1, A
0x041F	0x850063  	MOV _user1amt, 0
0x0422	0x850164  	MOV _user1amt+1, 1
;blink.c,78 :: 		amounttodisplay= user1amt;
0x0425	0x850008  	MOV _amounttodisplay, 0
0x0428	0x850109  	MOV _amounttodisplay+1, 1
;blink.c,79 :: 		balance();   forwardmotor();
0x042B	0x51F7    	ACALL _balance
0x042D	0x512F    	ACALL _forwardmotor
;blink.c,80 :: 		}
0x042F	0x8056    	SJMP L_card18
L_card17:
;blink.c,83 :: 		nobalance();
0x0431	0x51BE    	ACALL _nobalance
;blink.c,84 :: 		keycheck();k1=key; Lcd_Chr(2, 3, k1+0x30);
0x0433	0x715A    	ACALL _keycheck
0x0435	0x85650A  	MOV _k1, _key+0
0x0438	0x85660B  	MOV _k1+1, _key+1
0x043B	0x751902  	MOV FARG_Lcd_Chr_row, #2
0x043E	0x751A03  	MOV FARG_Lcd_Chr_column, #3
0x0441	0x7430    	MOV A, #48
0x0443	0x2565    	ADD A, _key
0x0445	0xF51B    	MOV FARG_Lcd_Chr_out_char, A
0x0447	0x5163    	ACALL _Lcd_Chr
;blink.c,85 :: 		keycheck();k2=key; Lcd_Chr(2, 4, k2+0x30);
0x0449	0x715A    	ACALL _keycheck
0x044B	0x85650D  	MOV _k2, _key+0
0x044E	0x85660E  	MOV _k2+1, _key+1
0x0451	0x751902  	MOV FARG_Lcd_Chr_row, #2
0x0454	0x751A04  	MOV FARG_Lcd_Chr_column, #4
0x0457	0x7430    	MOV A, #48
0x0459	0x2565    	ADD A, _key
0x045B	0xF51B    	MOV FARG_Lcd_Chr_out_char, A
0x045D	0x5163    	ACALL _Lcd_Chr
;blink.c,86 :: 		user1amt=user1amt + k1*10 +k2;
0x045F	0xA80A    	MOV R0, _k1
0x0461	0xA90B    	MOV R1, _k1+1
0x0463	0x7C0A    	MOV R4, #10
0x0465	0x7D00    	MOV R5, #0
0x0467	0x511D    	ACALL _Mul_16x16
0x0469	0xE563    	MOV A, _user1amt
0x046B	0x28      	ADD A, R0
0x046C	0xF8      	MOV R0, A
0x046D	0xE564    	MOV A, _user1amt+1
0x046F	0x39      	ADDC A, R1
0x0470	0xF9      	MOV R1, A
0x0471	0xE8      	MOV A, R0
0x0472	0x250D    	ADD A, _k2
0x0474	0xF8      	MOV R0, A
0x0475	0xE9      	MOV A, R1
0x0476	0x350E    	ADDC A, _k2+1
0x0478	0xF9      	MOV R1, A
0x0479	0x850063  	MOV _user1amt, 0
0x047C	0x850164  	MOV _user1amt+1, 1
;blink.c,87 :: 		amounttodisplay= user1amt;
0x047F	0x850008  	MOV _amounttodisplay, 0
0x0482	0x850109  	MOV _amounttodisplay+1, 1
;blink.c,88 :: 		balance();
0x0485	0x51F7    	ACALL _balance
;blink.c,89 :: 		}}}}
L_card18:
L_card16:
L_card13:
0x0487	0x22      	RET
; end of _card1
_Lcd_Init:
;__Lib_Lcd.c,76 :: 		
;__Lib_Lcd.c,78 :: 		
0x0488	0xC2A2    	CLR LCD_EN
;__Lib_Lcd.c,80 :: 		
0x048A	0xC2A3    	CLR LCD_RS
;__Lib_Lcd.c,83 :: 		
0x048C	0x112E    	ACALL _Delay_5500us
;__Lib_Lcd.c,84 :: 		
0x048E	0x112E    	ACALL _Delay_5500us
;__Lib_Lcd.c,85 :: 		
0x0490	0x112E    	ACALL _Delay_5500us
;__Lib_Lcd.c,87 :: 		
0x0492	0xC2A5    	CLR LCD_D7
;__Lib_Lcd.c,88 :: 		
0x0494	0xC2A4    	CLR LCD_D6
;__Lib_Lcd.c,89 :: 		
0x0496	0xC2A0    	CLR LCD_D5
;__Lib_Lcd.c,90 :: 		
0x0498	0xC2A1    	CLR LCD_D4
;__Lib_Lcd.c,93 :: 		
0x049A	0xD2A0    	SETB LCD_D5
;__Lib_Lcd.c,94 :: 		
0x049C	0xD2A1    	SETB LCD_D4
;__Lib_Lcd.c,95 :: 		
0x049E	0xD2A2    	SETB LCD_EN
;__Lib_Lcd.c,96 :: 		
0x04A0	0x113E    	ACALL _Delay_1us
;__Lib_Lcd.c,97 :: 		
0x04A2	0xC2A2    	CLR LCD_EN
;__Lib_Lcd.c,98 :: 		
0x04A4	0x112E    	ACALL _Delay_5500us
;__Lib_Lcd.c,100 :: 		
0x04A6	0xD2A2    	SETB LCD_EN
;__Lib_Lcd.c,101 :: 		
0x04A8	0x113E    	ACALL _Delay_1us
;__Lib_Lcd.c,102 :: 		
0x04AA	0xC2A2    	CLR LCD_EN
;__Lib_Lcd.c,103 :: 		
0x04AC	0x112E    	ACALL _Delay_5500us
;__Lib_Lcd.c,105 :: 		
0x04AE	0xD2A2    	SETB LCD_EN
;__Lib_Lcd.c,106 :: 		
0x04B0	0x113E    	ACALL _Delay_1us
;__Lib_Lcd.c,107 :: 		
0x04B2	0xC2A2    	CLR LCD_EN
;__Lib_Lcd.c,108 :: 		
0x04B4	0x112E    	ACALL _Delay_5500us
;__Lib_Lcd.c,111 :: 		
0x04B6	0xD2A0    	SETB LCD_D5
;__Lib_Lcd.c,112 :: 		
0x04B8	0xC2A1    	CLR LCD_D4
;__Lib_Lcd.c,113 :: 		
0x04BA	0xD2A2    	SETB LCD_EN
;__Lib_Lcd.c,114 :: 		
0x04BC	0x113E    	ACALL _Delay_1us
;__Lib_Lcd.c,115 :: 		
0x04BE	0xC2A2    	CLR LCD_EN
;__Lib_Lcd.c,116 :: 		
0x04C0	0x112E    	ACALL _Delay_5500us
;__Lib_Lcd.c,119 :: 		
0x04C2	0xC2A5    	CLR LCD_D7
;__Lib_Lcd.c,120 :: 		
0x04C4	0xC2A4    	CLR LCD_D6
;__Lib_Lcd.c,121 :: 		
0x04C6	0xC2A0    	CLR LCD_D5
;__Lib_Lcd.c,122 :: 		
0x04C8	0xD2A0    	SETB LCD_D5
;__Lib_Lcd.c,123 :: 		
0x04CA	0xC2A1    	CLR LCD_D4
;__Lib_Lcd.c,124 :: 		
0x04CC	0xD2A2    	SETB LCD_EN
;__Lib_Lcd.c,125 :: 		
0x04CE	0x113E    	ACALL _Delay_1us
;__Lib_Lcd.c,126 :: 		
0x04D0	0xC2A2    	CLR LCD_EN
;__Lib_Lcd.c,127 :: 		
0x04D2	0xC2A0    	CLR LCD_D5
;__Lib_Lcd.c,128 :: 		
0x04D4	0xD2A5    	SETB LCD_D7
;__Lib_Lcd.c,129 :: 		
0x04D6	0xD2A2    	SETB LCD_EN
;__Lib_Lcd.c,130 :: 		
0x04D8	0x113E    	ACALL _Delay_1us
;__Lib_Lcd.c,131 :: 		
0x04DA	0xC2A2    	CLR LCD_EN
;__Lib_Lcd.c,132 :: 		
0x04DC	0x112E    	ACALL _Delay_5500us
;__Lib_Lcd.c,135 :: 		
0x04DE	0xC2A5    	CLR LCD_D7
;__Lib_Lcd.c,136 :: 		
0x04E0	0xD2A1    	SETB LCD_D4
;__Lib_Lcd.c,137 :: 		
0x04E2	0xD2A2    	SETB LCD_EN
;__Lib_Lcd.c,138 :: 		
0x04E4	0x113E    	ACALL _Delay_1us
;__Lib_Lcd.c,139 :: 		
0x04E6	0xC2A2    	CLR LCD_EN
;__Lib_Lcd.c,140 :: 		
0x04E8	0xC2A1    	CLR LCD_D4
;__Lib_Lcd.c,141 :: 		
0x04EA	0xD2A2    	SETB LCD_EN
;__Lib_Lcd.c,142 :: 		
0x04EC	0x113E    	ACALL _Delay_1us
;__Lib_Lcd.c,143 :: 		
0x04EE	0xC2A2    	CLR LCD_EN
;__Lib_Lcd.c,144 :: 		
0x04F0	0x112E    	ACALL _Delay_5500us
;__Lib_Lcd.c,147 :: 		
0x04F2	0xC2A1    	CLR LCD_D4
;__Lib_Lcd.c,148 :: 		
0x04F4	0xD2A2    	SETB LCD_EN
;__Lib_Lcd.c,149 :: 		
0x04F6	0x113E    	ACALL _Delay_1us
;__Lib_Lcd.c,150 :: 		
0x04F8	0xC2A2    	CLR LCD_EN
;__Lib_Lcd.c,151 :: 		
0x04FA	0xD2A1    	SETB LCD_D4
;__Lib_Lcd.c,152 :: 		
0x04FC	0xD2A2    	SETB LCD_EN
;__Lib_Lcd.c,153 :: 		
0x04FE	0x113E    	ACALL _Delay_1us
;__Lib_Lcd.c,154 :: 		
0x0500	0xC2A2    	CLR LCD_EN
;__Lib_Lcd.c,155 :: 		
0x0502	0x112E    	ACALL _Delay_5500us
;__Lib_Lcd.c,158 :: 		
0x0504	0xC2A1    	CLR LCD_D4
;__Lib_Lcd.c,159 :: 		
0x0506	0xD2A2    	SETB LCD_EN
;__Lib_Lcd.c,160 :: 		
0x0508	0x113E    	ACALL _Delay_1us
;__Lib_Lcd.c,161 :: 		
0x050A	0xC2A2    	CLR LCD_EN
;__Lib_Lcd.c,163 :: 		
0x050C	0xD2A5    	SETB LCD_D7
;__Lib_Lcd.c,164 :: 		
0x050E	0xD2A4    	SETB LCD_D6
;__Lib_Lcd.c,165 :: 		
0x0510	0xD2A0    	SETB LCD_D5
;__Lib_Lcd.c,166 :: 		
0x0512	0xD2A1    	SETB LCD_D4
;__Lib_Lcd.c,167 :: 		
0x0514	0xD2A2    	SETB LCD_EN
;__Lib_Lcd.c,168 :: 		
0x0516	0x113E    	ACALL _Delay_1us
;__Lib_Lcd.c,169 :: 		
0x0518	0xC2A2    	CLR LCD_EN
;__Lib_Lcd.c,171 :: 		
0x051A	0x112E    	ACALL _Delay_5500us
;__Lib_Lcd.c,173 :: 		
0x051C	0x750F01  	MOV _cmd_status, #1
;__Lib_Lcd.c,174 :: 		
0x051F	0x22      	RET
; end of _Lcd_Init
_card2:
;blink.c,91 :: 		void card2(void)//card no.1000699A58BB(PRINTED NO.10539512)
;blink.c,93 :: 		if(cardletter=='1')
0x0520	0xE50C    	MOV A, _cardletter
0x0522	0x6431    	XRL A, #49
0x0524	0x6002    	JZ #2
0x0526	0xA1BF    	AJMP L_card29
;blink.c,95 :: 		while(!(UART1_Data_Ready()));
L_card210:
0x0528	0x7154    	ACALL _UART1_Data_Ready
0x052A	0xE8      	MOV A, R0
0x052B	0x7002    	JNZ L_card211
0x052D	0x80F9    	SJMP L_card210
L_card211:
;blink.c,96 :: 		cardletter = UART1_Read();
0x052F	0x51B9    	ACALL _UART1_Read
0x0531	0x85000C  	MOV _cardletter, 0
;blink.c,97 :: 		if(cardletter=='C')
0x0534	0xE8      	MOV A, R0
0x0535	0x6443    	XRL A, #67
0x0537	0x6002    	JZ #2
0x0539	0xA1BF    	AJMP L_card212
;blink.c,100 :: 		if(user2amt>49) {user2amt= user2amt-50;
0x053B	0xD3      	SETB C
0x053C	0xE530    	MOV A, _user2amt
0x053E	0x9431    	SUBB A, #49
0x0540	0x7400    	MOV A, #0
0x0542	0x6480    	XRL A, #128
0x0544	0xF8      	MOV R0, A
0x0545	0xE531    	MOV A, _user2amt+1
0x0547	0x6480    	XRL A, #128
0x0549	0x98      	SUBB A, R0
0x054A	0x401D    	JC L_card213
0x054C	0xC3      	CLR C
0x054D	0xE530    	MOV A, _user2amt
0x054F	0x9432    	SUBB A, #50
0x0551	0xF8      	MOV R0, A
0x0552	0xE531    	MOV A, _user2amt+1
0x0554	0x9400    	SUBB A, #0
0x0556	0xF9      	MOV R1, A
0x0557	0x850030  	MOV _user2amt, 0
0x055A	0x850131  	MOV _user2amt+1, 1
;blink.c,101 :: 		amounttodisplay= user2amt;
0x055D	0x850008  	MOV _amounttodisplay, 0
0x0560	0x850109  	MOV _amounttodisplay+1, 1
;blink.c,102 :: 		balance();   forwardmotor();
0x0563	0x51F7    	ACALL _balance
0x0565	0x512F    	ACALL _forwardmotor
;blink.c,103 :: 		}
0x0567	0x8056    	SJMP L_card214
L_card213:
;blink.c,106 :: 		nobalance();
0x0569	0x51BE    	ACALL _nobalance
;blink.c,107 :: 		keycheck();k1=key; Lcd_Chr(2, 3, k1+0x30);
0x056B	0x715A    	ACALL _keycheck
0x056D	0x85650A  	MOV _k1, _key+0
0x0570	0x85660B  	MOV _k1+1, _key+1
0x0573	0x751902  	MOV FARG_Lcd_Chr_row, #2
0x0576	0x751A03  	MOV FARG_Lcd_Chr_column, #3
0x0579	0x7430    	MOV A, #48
0x057B	0x2565    	ADD A, _key
0x057D	0xF51B    	MOV FARG_Lcd_Chr_out_char, A
0x057F	0x5163    	ACALL _Lcd_Chr
;blink.c,108 :: 		keycheck();k2=key; Lcd_Chr(2, 4, k2+0x30);
0x0581	0x715A    	ACALL _keycheck
0x0583	0x85650D  	MOV _k2, _key+0
0x0586	0x85660E  	MOV _k2+1, _key+1
0x0589	0x751902  	MOV FARG_Lcd_Chr_row, #2
0x058C	0x751A04  	MOV FARG_Lcd_Chr_column, #4
0x058F	0x7430    	MOV A, #48
0x0591	0x2565    	ADD A, _key
0x0593	0xF51B    	MOV FARG_Lcd_Chr_out_char, A
0x0595	0x5163    	ACALL _Lcd_Chr
;blink.c,109 :: 		user2amt=user2amt + k1*10 +k2;
0x0597	0xA80A    	MOV R0, _k1
0x0599	0xA90B    	MOV R1, _k1+1
0x059B	0x7C0A    	MOV R4, #10
0x059D	0x7D00    	MOV R5, #0
0x059F	0x511D    	ACALL _Mul_16x16
0x05A1	0xE530    	MOV A, _user2amt
0x05A3	0x28      	ADD A, R0
0x05A4	0xF8      	MOV R0, A
0x05A5	0xE531    	MOV A, _user2amt+1
0x05A7	0x39      	ADDC A, R1
0x05A8	0xF9      	MOV R1, A
0x05A9	0xE8      	MOV A, R0
0x05AA	0x250D    	ADD A, _k2
0x05AC	0xF8      	MOV R0, A
0x05AD	0xE9      	MOV A, R1
0x05AE	0x350E    	ADDC A, _k2+1
0x05B0	0xF9      	MOV R1, A
0x05B1	0x850030  	MOV _user2amt, 0
0x05B4	0x850131  	MOV _user2amt+1, 1
;blink.c,110 :: 		amounttodisplay= user2amt;
0x05B7	0x850008  	MOV _amounttodisplay, 0
0x05BA	0x850109  	MOV _amounttodisplay+1, 1
;blink.c,111 :: 		balance();
0x05BD	0x51F7    	ACALL _balance
;blink.c,112 :: 		}}}}
L_card214:
L_card212:
L_card29:
0x05BF	0x22      	RET
; end of _card2
_card3:
;blink.c,114 :: 		void card3(void)//card no.1000699A58BB(PRINTED NO.10539512)
;blink.c,116 :: 		if(cardletter=='D')
0x05C0	0xE50C    	MOV A, _cardletter
0x05C2	0x6444    	XRL A, #68
0x05C4	0x6002    	JZ #2
0x05C6	0xC15F    	AJMP L_card315
;blink.c,118 :: 		while(!(UART1_Data_Ready()));
L_card316:
0x05C8	0x7154    	ACALL _UART1_Data_Ready
0x05CA	0xE8      	MOV A, R0
0x05CB	0x7002    	JNZ L_card317
0x05CD	0x80F9    	SJMP L_card316
L_card317:
;blink.c,119 :: 		cardletter = UART1_Read();
0x05CF	0x51B9    	ACALL _UART1_Read
0x05D1	0x85000C  	MOV _cardletter, 0
;blink.c,120 :: 		if(cardletter=='E')
0x05D4	0xE8      	MOV A, R0
0x05D5	0x6445    	XRL A, #69
0x05D7	0x6002    	JZ #2
0x05D9	0xC15F    	AJMP L_card318
;blink.c,123 :: 		if(user3amt>49) {user3amt= user3amt-50;
0x05DB	0xD3      	SETB C
0x05DC	0xE532    	MOV A, _user3amt
0x05DE	0x9431    	SUBB A, #49
0x05E0	0x7400    	MOV A, #0
0x05E2	0x6480    	XRL A, #128
0x05E4	0xF8      	MOV R0, A
0x05E5	0xE533    	MOV A, _user3amt+1
0x05E7	0x6480    	XRL A, #128
0x05E9	0x98      	SUBB A, R0
0x05EA	0x401D    	JC L_card319
0x05EC	0xC3      	CLR C
0x05ED	0xE532    	MOV A, _user3amt
0x05EF	0x9432    	SUBB A, #50
0x05F1	0xF8      	MOV R0, A
0x05F2	0xE533    	MOV A, _user3amt+1
0x05F4	0x9400    	SUBB A, #0
0x05F6	0xF9      	MOV R1, A
0x05F7	0x850032  	MOV _user3amt, 0
0x05FA	0x850133  	MOV _user3amt+1, 1
;blink.c,124 :: 		amounttodisplay= user3amt;
0x05FD	0x850008  	MOV _amounttodisplay, 0
0x0600	0x850109  	MOV _amounttodisplay+1, 1
;blink.c,125 :: 		balance();   forwardmotor();
0x0603	0x51F7    	ACALL _balance
0x0605	0x512F    	ACALL _forwardmotor
;blink.c,126 :: 		}
0x0607	0x8056    	SJMP L_card320
L_card319:
;blink.c,129 :: 		nobalance();
0x0609	0x51BE    	ACALL _nobalance
;blink.c,130 :: 		keycheck();k1=key; Lcd_Chr(2, 3, k1+0x30);
0x060B	0x715A    	ACALL _keycheck
0x060D	0x85650A  	MOV _k1, _key+0
0x0610	0x85660B  	MOV _k1+1, _key+1
0x0613	0x751902  	MOV FARG_Lcd_Chr_row, #2
0x0616	0x751A03  	MOV FARG_Lcd_Chr_column, #3
0x0619	0x7430    	MOV A, #48
0x061B	0x2565    	ADD A, _key
0x061D	0xF51B    	MOV FARG_Lcd_Chr_out_char, A
0x061F	0x5163    	ACALL _Lcd_Chr
;blink.c,131 :: 		keycheck();k2=key; Lcd_Chr(2, 4, k2+0x30);
0x0621	0x715A    	ACALL _keycheck
0x0623	0x85650D  	MOV _k2, _key+0
0x0626	0x85660E  	MOV _k2+1, _key+1
0x0629	0x751902  	MOV FARG_Lcd_Chr_row, #2
0x062C	0x751A04  	MOV FARG_Lcd_Chr_column, #4
0x062F	0x7430    	MOV A, #48
0x0631	0x2565    	ADD A, _key
0x0633	0xF51B    	MOV FARG_Lcd_Chr_out_char, A
0x0635	0x5163    	ACALL _Lcd_Chr
;blink.c,132 :: 		user3amt=user3amt + k1*10 +k2;
0x0637	0xA80A    	MOV R0, _k1
0x0639	0xA90B    	MOV R1, _k1+1
0x063B	0x7C0A    	MOV R4, #10
0x063D	0x7D00    	MOV R5, #0
0x063F	0x511D    	ACALL _Mul_16x16
0x0641	0xE532    	MOV A, _user3amt
0x0643	0x28      	ADD A, R0
0x0644	0xF8      	MOV R0, A
0x0645	0xE533    	MOV A, _user3amt+1
0x0647	0x39      	ADDC A, R1
0x0648	0xF9      	MOV R1, A
0x0649	0xE8      	MOV A, R0
0x064A	0x250D    	ADD A, _k2
0x064C	0xF8      	MOV R0, A
0x064D	0xE9      	MOV A, R1
0x064E	0x350E    	ADDC A, _k2+1
0x0650	0xF9      	MOV R1, A
0x0651	0x850032  	MOV _user3amt, 0
0x0654	0x850133  	MOV _user3amt+1, 1
;blink.c,133 :: 		amounttodisplay= user3amt;
0x0657	0x850008  	MOV _amounttodisplay, 0
0x065A	0x850109  	MOV _amounttodisplay+1, 1
;blink.c,134 :: 		balance();
0x065D	0x51F7    	ACALL _balance
;blink.c,135 :: 		}}}}
L_card320:
L_card318:
L_card315:
0x065F	0x22      	RET
; end of _card3
_keypadinit:
;blink.c,203 :: 		void keypadinit(void)
;blink.c,205 :: 		C1=1; C2=1;C3=1;   //pull up
0x0660	0xD294    	SETB P1.B4
0x0662	0xD295    	SETB P1.B5
0x0664	0xD296    	SETB P1.B6
;blink.c,206 :: 		R1=1; R2=1;R3=1;R3=1;    //pull up
0x0666	0xD290    	SETB P1.B0
0x0668	0xD291    	SETB P1.B1
0x066A	0xD292    	SETB P1.B2
0x066C	0xD292    	SETB P1.B2
;blink.c,208 :: 		}
0x066E	0x22      	RET
; end of _keypadinit
___CC2D:
;__Lib_System.c,13 :: 		
;__Lib_System.c,15 :: 		
_CC2D_Loop1:
;__Lib_System.c,16 :: 		
0x066F	0xE4      	CLR A
;__Lib_System.c,17 :: 		
0x0670	0x93      	MOVC A, @A+DPTR
;__Lib_System.c,18 :: 		
0x0671	0xF6      	MOV @R0, A
;__Lib_System.c,19 :: 		
0x0672	0x08      	INC R0
;__Lib_System.c,20 :: 		
0x0673	0xA3      	INC DPTR
;__Lib_System.c,21 :: 		
0x0674	0xD9F9    	DJNZ R1, _CC2D_Loop1
;__Lib_System.c,23 :: 		
0x0676	0x22      	RET
; end of ___CC2D
_UART1_Init:
;__Lib_UART_Timer1.c,15 :: 		
;__Lib_UART_Timer1.c,16 :: 		
0x0677	0x7516FF  	MOV _UART_Wr_Ptr, lo_addr(_UART1_Write)
0x067A	0x7517FF  	MOV _UART_Wr_Ptr+1, hi_addr(_UART1_Write)
0x067D	0x7518FF  	MOV _UART_Wr_Ptr+2, lo_addr(FARG_UART1_Write_data_)
;__Lib_UART_Timer1.c,17 :: 		
0x0680	0x7510B9  	MOV _UART_Rd_Ptr, lo_addr(_UART1_Read)
0x0683	0x751102  	MOV _UART_Rd_Ptr+1, hi_addr(_UART1_Read)
0x0686	0x751200  	MOV _UART_Rd_Ptr+2, 0
;__Lib_UART_Timer1.c,18 :: 		
0x0689	0x751354  	MOV _UART_Rdy_Ptr, lo_addr(_UART1_Data_Ready)
0x068C	0x751403  	MOV _UART_Rdy_Ptr+1, hi_addr(_UART1_Data_Ready)
0x068F	0x751500  	MOV _UART_Rdy_Ptr+2, 0
;__Lib_UART_Timer1.c,21 :: 		
0x0692	0x759850  	MOV SCON, #80
;__Lib_UART_Timer1.c,22 :: 		
0x0695	0x758700  	MOV PCON, #0
;__Lib_UART_Timer1.c,23 :: 		
0x0698	0x758840  	MOV TCON, #64
;__Lib_UART_Timer1.c,24 :: 		
0x069B	0x758920  	MOV TMOD, #32
;__Lib_UART_Timer1.c,25 :: 		
0x069E	0x22      	RET
; end of _UART1_Init
_rfid:
;blink.c,56 :: 		void rfid(void)
;blink.c,58 :: 		if (UART1_Data_Ready())
0x069F	0x7154    	ACALL _UART1_Data_Ready
0x06A1	0xE8      	MOV A, R0
0x06A2	0x600B    	JZ L_rfid2
;blink.c,60 :: 		cardletter = UART1_Read();
0x06A4	0x51B9    	ACALL _UART1_Read
0x06A6	0x85000C  	MOV _cardletter, 0
;blink.c,61 :: 		card1();
0x06A9	0x71E8    	ACALL _card1
;blink.c,62 :: 		card2();
0x06AB	0xB120    	ACALL _card2
;blink.c,63 :: 		card3();
0x06AD	0xB1C0    	ACALL _card3
;blink.c,64 :: 		}
L_rfid2:
;blink.c,65 :: 		}
0x06AF	0x22      	RET
; end of _rfid
_lcdstart:
;blink.c,194 :: 		void lcdstart(void)
;blink.c,196 :: 		Lcd_Init();                        // Initialize Lcd
0x06B0	0x9188    	ACALL _Lcd_Init
;blink.c,198 :: 		Lcd_Cmd(_LCD_CURSOR_OFF);          // Cursor off
0x06B2	0x75210C  	MOV FARG_Lcd_Cmd_out_char, #12
0x06B5	0x1140    	ACALL _Lcd_Cmd
;blink.c,199 :: 		Lcd_Out(1,6,"haii");                 // Write text in first row
0x06B7	0x751C01  	MOV FARG_LCD_Out_row, #1
0x06BA	0x751D06  	MOV FARG_LCD_Out_column, #6
0x06BD	0x751E34  	MOV FARG_LCD_Out_text, lo_addr(?lstr6_blink)
0x06C0	0x31B2    	ACALL _LCD_Out
;blink.c,200 :: 		delay_ms(500);
0x06C2	0x7D04    	MOV R5, 4
0x06C4	0x7E81    	MOV R6, 129
0x06C6	0x7F79    	MOV R7, 121
0x06C8	0xDFFE    	DJNZ R7, PC-2
0x06CA	0xDEFC    	DJNZ R6, PC-4
0x06CC	0xDDFA    	DJNZ R5, PC-6
0x06CE	0x00      	NOP
;blink.c,201 :: 		Lcd_Cmd(_LCD_CLEAR);               // Clear display
0x06CF	0x752101  	MOV FARG_Lcd_Cmd_out_char, #1
0x06D2	0x1140    	ACALL _Lcd_Cmd
;blink.c,202 :: 		}
0x06D4	0x22      	RET
; end of _lcdstart
_main:
0x06D5	0x758180  	MOV SP, #128
0x06D8	0x12073A  	LCALL 1850
;blink.c,44 :: 		void main()
;blink.c,46 :: 		keypadinit();
0x06DB	0xD160    	ACALL _keypadinit
;blink.c,48 :: 		uart1_init(9600);
0x06DD	0x758DFD  	MOV TH1, #253
0x06E0	0x758BFD  	MOV TL1, #253
0x06E3	0xD177    	ACALL _UART1_Init
;blink.c,49 :: 		lcdstart();   // Write text in first row
0x06E5	0xD1B0    	ACALL _lcdstart
;blink.c,50 :: 		stopmotor();
0x06E7	0x5118    	ACALL _stopmotor
;blink.c,51 :: 		while (1)
L_main0:
;blink.c,53 :: 		rfid();
0x06E9	0xD19F    	ACALL _rfid
;blink.c,54 :: 		}
0x06EB	0x80FC    	SJMP L_main0
;blink.c,55 :: 		}
0x06ED	0x80FE    	SJMP #254
; end of _main
0x073A	0x7830    	MOV R0, 48
0x073C	0x794B    	MOV R1, 75
0x073E	0x7582EF  	MOV DP0L, 239
0x0741	0x758306  	MOV DP0H, 6
0x0744	0x12066F  	LCALL 1647
0x0747	0x22      	RET
;blink.c,0 :: ?ICS_user2amt
0x06EF	0x3200 ;?ICS_user2amt+0
; end of ?ICS_user2amt
;blink.c,0 :: ?ICS_user3amt
0x06F1	0x4600 ;?ICS_user3amt+0
; end of ?ICS_user3amt
;blink.c,0 :: ?ICS?lstr6_blink
0x06F3	0x686169 ;?ICS?lstr6_blink+0
0x06F6	0x6900 ;?ICS?lstr6_blink+3
; end of ?ICS?lstr6_blink
;blink.c,0 :: ?ICS?lstr3_blink
0x06F8	0x6C6573 ;?ICS?lstr3_blink+0
0x06FB	0x732062 ;?ICS?lstr3_blink+3
0x06FE	0x616C61 ;?ICS?lstr3_blink+6
0x0701	0x6E6365 ;?ICS?lstr3_blink+9
0x0704	0x00 ;?ICS?lstr3_blink+12
; end of ?ICS?lstr3_blink
;blink.c,0 :: ?ICS?lstr4_blink
0x0705	0x706C65 ;?ICS?lstr4_blink+0
0x0708	0x617365 ;?ICS?lstr4_blink+3
0x070B	0x207265 ;?ICS?lstr4_blink+6
0x070E	0x636861 ;?ICS?lstr4_blink+9
0x0711	0x726765 ;?ICS?lstr4_blink+12
0x0714	0x00 ;?ICS?lstr4_blink+15
; end of ?ICS?lstr4_blink
;blink.c,0 :: ?ICS?lstr5_blink
0x0715	0x454E54 ;?ICS?lstr5_blink+0
0x0718	0x455220 ;?ICS?lstr5_blink+3
0x071B	0x414D4F ;?ICS?lstr5_blink+6
0x071E	0x554E54 ;?ICS?lstr5_blink+9
0x0721	0x00 ;?ICS?lstr5_blink+12
; end of ?ICS?lstr5_blink
;blink.c,0 :: ?ICS_user1amt
0x0722	0x2D00 ;?ICS_user1amt+0
; end of ?ICS_user1amt
;blink.c,0 :: ?ICS_key
0x0724	0x0C00 ;?ICS_key+0
; end of ?ICS_key
;blink.c,0 :: ?ICS?lstr2_blink
0x0726	0x42414C ;?ICS?lstr2_blink+0
0x0729	0x2000 ;?ICS?lstr2_blink+3
; end of ?ICS?lstr2_blink
;blink.c,0 :: ?ICS?lstr1_blink
0x072B	0x544841 ;?ICS?lstr1_blink+0
0x072E	0x4E4B20 ;?ICS?lstr1_blink+3
0x0731	0x594F55 ;?ICS?lstr1_blink+6
0x0734	0x205553 ;?ICS?lstr1_blink+9
0x0737	0x455200 ;?ICS?lstr1_blink+12
; end of ?ICS?lstr1_blink
Symbol List:
//** Routines locations **
//ADDRESS    SIZE    PROCEDURE
//----------------------------------------------
0x002E      [10]    _Delay_5500us
0x0038       [6]    _Delay_50us
0x003E       [2]    _Delay_1us
0x0040     [219]    _Lcd_Cmd
0x011B      [12]    _Lcd_Chr_CP
0x0127      [85]    _Div_16x16_U
0x017C      [54]    _Div_16x16_S
0x01B2     [102]    _LCD_Out
0x0218       [5]    _stopmotor
0x021D      [18]    _Mul_16x16
0x022F      [52]    _forwardmotor
0x0263      [86]    _Lcd_Chr
0x02B9       [5]    _UART1_Read
0x02BE      [57]    _nobalance
0x02F7      [93]    _balance
0x0354       [6]    _UART1_Data_Ready
0x035A     [142]    _keycheck
0x03E8     [160]    _card1
0x0488     [152]    _Lcd_Init
0x0520     [160]    _card2
0x05C0     [160]    _card3
0x0660      [15]    _keypadinit
0x066F       [8]    ___CC2D
0x0677      [40]    _UART1_Init
0x069F      [17]    _rfid
0x06B0      [37]    _lcdstart
0x06D5      [26]    _main
//** Variables locations ** 
//ADDRESS    SIZE    VARIABLE
//----------------------------------------------
0x0000       [1]    R0
0x0001       [1]    R1
0x0002       [1]    R2
0x0003       [1]    R3
0x0004       [1]    R4
0x0005       [1]    R5
0x0006       [1]    R6
0x0007       [1]    R7
0x0008       [2]    _amounttodisplay
0x000A       [2]    _k1
0x000C       [1]    _cardletter
0x000D       [2]    _k2
0x000F       [1]    _cmd_status
0x0010       [3]    _UART_Rd_Ptr
0x0013       [3]    _UART_Rdy_Ptr
0x0016       [3]    _UART_Wr_Ptr
0x0019       [1]    FARG_Lcd_Chr_row
0x001A       [1]    FARG_Lcd_Chr_column
0x001B       [1]    FARG_Lcd_Chr_out_char
0x001C       [1]    FARG_LCD_Out_row
0x001D       [1]    FARG_LCD_Out_column
0x001E       [1]    FARG_LCD_Out_text
0x001F       [1]    LCD_Out_i_L0
0x0020       [1]    FARG_Lcd_Chr_CP_out_char
0x0021       [1]    FARG_Lcd_Cmd_out_char
0x0030       [2]    _user2amt
0x0032       [2]    _user3amt
0x0034       [5]    ?lstr6_blink
0x0039      [13]    ?lstr3_blink
0x0046      [16]    ?lstr4_blink
0x0056      [13]    ?lstr5_blink
0x0063       [2]    _user1amt
0x0065       [2]    _key
0x0067       [5]    ?lstr2_blink
0x006C      [15]    ?lstr1_blink
0x0081       [1]    SP
0x0082       [1]    DPL
0x0083       [1]    DPH
0x0087       [1]    PCON
0x0088       [1]    TCON
0x0089       [1]    TMOD
0x008B       [1]    TL1
0x008D       [1]    TH1
0x0090       [1]    P1
0x0098       [1]    SCON
0x0099       [1]    SBUF
0x00A0       [0]    P2_0_bit
0x00A0       [0]    LCD_RS
0x00A0       [0]    LCD_EN
0x00A0       [0]    motor12
0x00A0       [0]    motor11
0x00A0       [0]    LCD_D6
0x00A0       [0]    LCD_D7
0x00A0       [0]    LCD_D4
0x00A0       [0]    LCD_D5
0x00A0       [0]    P2_3_bit
0x00A0       [0]    P2_4_bit
0x00A0       [0]    P2_1_bit
0x00A0       [0]    P2_2_bit
0x00A0       [0]    P2_5_bit
0x00A0       [0]    P2_7_bit
0x00A0       [0]    P2_6_bit
0x00D0       [0]    OV_bit
0x00D0       [0]    F0_bit
0x00D0       [1]    PSW
0x00E0       [1]    ACC
0x00F0       [1]    B
//** Constants locations ** 
//ADDRESS    SIZE    CONSTANT
//----------------------------------------------
0x06EF       [2]    ?ICS_user2amt
0x06F1       [2]    ?ICS_user3amt
0x06F3       [5]    ?ICS?lstr6_blink
0x06F8      [13]    ?ICS?lstr3_blink
0x0705      [16]    ?ICS?lstr4_blink
0x0715      [13]    ?ICS?lstr5_blink
0x0722       [2]    ?ICS_user1amt
0x0724       [2]    ?ICS_key
0x0726       [5]    ?ICS?lstr2_blink
0x072B      [15]    ?ICS?lstr1_blink
//** Label List: ** 
//----------------------------------------------
  L_main0
  L_main1
  L_rfid2
  L_card13
  L_card14
  L_card15
  L_card16
  L_card17
  L_card18
  L_card29
  L_card210
  L_card211
  L_card212
  L_card213
  L_card214
  L_card315
  L_card316
  L_card317
  L_card318
  L_card319
  L_card320
  L_keycheck21
  L_keycheck22
  L_keycheck23
  L_keycheck24
  L_keycheck25
  L_keycheck26
  L_keycheck27
  L_keycheck28
  L_keycheck29
  L_keycheck30
  L_keycheck31
  L_keycheck32
  L_keycheck33
  _main
  _rfid
  _card1
  _card2
  _card3
  _balance
  _nobalance
  _forwardmotor
  _stopmotor
  _keycheck
  L__keycheck34
  _lcdstart
  _keypadinit
  L_Delay_Cyc0
  L_Delay_Cyc1
  L_VDelay_ms2
  L_VDelay_ms3
  L_VDelay_ms4
  L_VDelay_ms5
  _Get_Fosc_kHz
  _Delay_1us
  _Delay_10us
  _Delay_22us
  _Delay_50us
  _Delay_80us
  _Delay_500us
  _Delay_5500us
  _Delay_8ms
  _Delay_10ms
  _Delay_100ms
  _Delay_1sec
  _Delay_Cyc
  _VDelay_ms
  L_Lcd_Cmd0
  L_Lcd_Cmd1
  L_Lcd_Cmd2
  L_Lcd_Cmd3
  L_Lcd_Cmd4
  L_Lcd_Cmd5
  L_LCD_Out_CP6
  L_LCD_Out_CP7
  L_Lcd_Chr8
  L_Lcd_Chr9
  L_Lcd_Chr10
  L_Lcd_Chr11
  L_Lcd_Chr12
  L_Lcd_Chr13
  L_Lcd_Chr14
  L_LCD_Out15
  L_LCD_Out16
  L_LCD_Out17
  L_LCD_Out18
  L_LCD_Out19
  L_LCD_Out20
  L_LCD_Out21
  L_LCD_Out22
  L_LCD_Out23
  _Lcd_Cmd
  L__Lcd_Cmd24
  L__Lcd_Cmd25
  L__Lcd_Cmd26
  L__Lcd_Cmd27
  L__Lcd_Cmd28
  L__Lcd_Cmd29
  L__Lcd_Cmd30
  L__Lcd_Cmd31
  L__Lcd_Cmd32
  L__Lcd_Cmd33
  L__Lcd_Cmd34
  L__Lcd_Cmd35
  L__Lcd_Cmd36
  L__Lcd_Cmd37
  L__Lcd_Cmd38
  L__Lcd_Cmd39
  _Lcd_Chr_CP
  _LCD_Out_CP
  _Lcd_Chr
  _Lcd_Init
  _LCD_Out
  lab_end
  loop_lab
  lab_end1
  lab_loop1
  lab_end2
  lab_loop3
  __Div_8x8_S_Bpositive
  __Div_8x8_S_Apositive
  __Div_8x8_S_Skip_Div
  __Div_8x8_S_div_ret
  __op2hi_not_zero
  __op1hi_not_zero
  __Div_16x16_U_Loop1
  __Div_16x16_U_Lab1
  __Div_16x16_U_div_ret
  __Div_16x16_U_Loop2
  __Div_16x16_U_Lab2
  __Div_16x16_U_Lab3
  __Div_16x16_S_op2hipositive
  __Div_16x16_S_op1hipositive
  __Div_16x16_S_Skip_Udiv
  __Div_16x16_S_div_ret
  __Div_32x32_U_start
  __Div_32x32_U_aux
  __Div_32x32_U_l2
  __Div_32x32_U_l1
  lw_1
  lw_2
  __Div_32x32_U_l3
  lw_3
  __Div_32x32_U_l4
  __Div_32x32_U_IR_l0
  __Div_32x32_U_l5
  __Div_32x32_U_l6
  __Div_32x32_U_l8
  __Div_32x32_U_l7
  __Div_32x32_U_IR_l1
  __Div_32x32_U_l10
  __Div_32x32_U_l9
  __Div_32x32_U_IR_l2
  __Div_32x32_S_l1
  __Div_32x32_S_call_uns
  __Div_32x32_S_l2
  __Div_32x32_S_l3
  __Div_32x32_S_div_ret
  __shl_long
  __shr_longint
  __shr_longword
  _Mul_16x16
  _Mul_32x32
  _Div_8x8_S
  _Div_16x16_U
  _Div_16x16_S
  _Div_32x32_U
  _Div_32x32_S
  _CC2D_Loop1
  _CC2PD_Loop1
  _CC2XD_Loop1
  ___DoIFC
  ___CC2D
  ___CC2PD
  ___CC2XD
  L_UART1_Write0
  L_UART1_Write1
  L_UART1_Write_Text2
  L_UART1_Write_Text3
  L_UART1_Read_Text4
  L_UART1_Read_Text5
  L_UART1_Read_Text6
  L_UART1_Read_Text7
  L_UART1_Read_Text8
  L_UART1_Read_Text9
  L_UART1_Read_Text10
  L_UART1_Read_Text11
  L_UART1_Read_Text12
  L_UART_Write_Text13
  L_UART_Write_Text14
  L_UART_Read_Text15
  L_UART_Read_Text16
  L_UART_Read_Text17
  L_UART_Read_Text18
  L_UART_Read_Text19
  L_UART_Read_Text20
  L_UART_Read_Text21
  L_UART_Read_Text22
  L_UART_Read_Text23
  _UART1_Init
  _UART1_Write
  _UART1_Data_Ready
  _UART1_Read
  _UART1_Write_Text
  _UART1_Read_Text
  _UART_Set_Active
  _UART_Write
  _UART_Write_Text
  _UART_Read
  _UART_Data_Ready
  _UART_Read_Text
